<?xml version="1.0" encoding="UTF-8"?>
<testng-results ignored="0" total="0" passed="0" failed="0" skipped="0">
  <reporter-output>
  </reporter-output>
  <suite started-at="2022-09-22T10:41:12 IST" name="Suite" finished-at="2022-09-22T10:41:13 IST" duration-ms="23">
    <groups>
    </groups>
    <test started-at="2022-09-22T10:41:12 IST" name="FrameWork" finished-at="2022-09-22T10:41:13 IST" duration-ms="23">
    </test> <!-- FrameWork -->
    <test started-at="2022-09-22T10:41:12 IST" name="Page Object" finished-at="2022-09-22T10:41:13 IST" duration-ms="23">
    </test> <!-- Page Object -->
  </suite> <!-- Suite -->
</testng-results>
